<?xml version="1.0" encoding="UTF-8"?>
<!-- Generated by org.testng.reporters.JUnitReportReporter -->
<testsuite skipped="0" hostname="DESKTOP-4DSHCHQ" name="collection.Driverpage" tests="1" failures="0" timestamp="2020-05-31T20:24:25 IST" time="23.482" errors="0">
  <testcase name="driversetup" time="23.482" classname="collection.Driverpage"/>
  <system-out/>
</testsuite> <!-- collection.Driverpage -->
